<?xml version="1.0" encoding="UTF-8"?>
<testng-results ignored="0" total="3" passed="3" failed="0" skipped="0">
  <reporter-output>
  </reporter-output>
  <suite started-at="2023-03-31T15:35:26 IST" name="Default suite" finished-at="2023-03-31T15:35:26 IST" duration-ms="86">
    <groups>
    </groups>
    <test started-at="2023-03-31T15:35:26 IST" name="Default test" finished-at="2023-03-31T15:35:26 IST" duration-ms="86">
      <class name="com.testng.SampleDataProvider">
        <test-method signature="login(java.lang.String,java.lang.String)[pri:0, instance:com.testng.SampleDataProvider@68c72235]" started-at="2023-03-31T15:35:26 IST" name="login" data-provider="LoginData" finished-at="2023-03-31T15:35:26 IST" duration-ms="8" status="PASS">
          <params>
            <param index="0">
              <value>
                <![CDATA[roshini@gmail.com]]>
              </value>
            </param>
            <param index="1">
              <value>
                <![CDATA[rosh12345]]>
              </value>
            </param>
          </params>
          <reporter-output>
          </reporter-output>
        </test-method> <!-- login -->
        <test-method signature="login(java.lang.String,java.lang.String)[pri:0, instance:com.testng.SampleDataProvider@68c72235]" started-at="2023-03-31T15:35:26 IST" name="login" data-provider="LoginData" finished-at="2023-03-31T15:35:26 IST" duration-ms="5" status="PASS">
          <params>
            <param index="0">
              <value>
                <![CDATA[deepak@gmail.com]]>
              </value>
            </param>
            <param index="1">
              <value>
                <![CDATA[deepak12345]]>
              </value>
            </param>
          </params>
          <reporter-output>
          </reporter-output>
        </test-method> <!-- login -->
        <test-method signature="login(java.lang.String,java.lang.String)[pri:0, instance:com.testng.SampleDataProvider@68c72235]" started-at="2023-03-31T15:35:26 IST" name="login" data-provider="LoginData" finished-at="2023-03-31T15:35:26 IST" duration-ms="7" status="PASS">
          <params>
            <param index="0">
              <value>
                <![CDATA[sibi@gmail.com]]>
              </value>
            </param>
            <param index="1">
              <value>
                <![CDATA[sibi12345]]>
              </value>
            </param>
          </params>
          <reporter-output>
          </reporter-output>
        </test-method> <!-- login -->
      </class> <!-- com.testng.SampleDataProvider -->
    </test> <!-- Default test -->
  </suite> <!-- Default suite -->
</testng-results>
