<?xml version="1.0" encoding="UTF-8"?>
<!-- Generated by org.testng.reporters.JUnitXMLReporter -->
<testsuite ignored="0" hostname="DESKTOP-IGU8UAR" failures="0" tests="3" name="Default test" time="0.106" errors="0" timestamp="2023-03-29T22:37:12 IST">
  <testcase classname="com.testng.SampleDataProvider" name="login" time="0.009"/>
  <testcase classname="com.testng.SampleDataProvider" name="login" time="0.004"/>
  <testcase classname="com.testng.SampleDataProvider" name="login" time="0.004"/>
</testsuite> <!-- Default test -->
