<?xml version="1.0" encoding="UTF-8"?>
<!-- Generated by org.testng.reporters.JUnitXMLReporter -->
<testsuite ignored="0" hostname="DESKTOP-IGU8UAR" failures="0" tests="3" name="Default test" time="0.086" errors="0" timestamp="2023-03-31T15:35:26 IST">
  <testcase classname="com.testng.SampleDataProvider" name="login" time="0.008"/>
  <testcase classname="com.testng.SampleDataProvider" name="login" time="0.005"/>
  <testcase classname="com.testng.SampleDataProvider" name="login" time="0.007"/>
</testsuite> <!-- Default test -->
