<?xml version="1.0" encoding="UTF-8"?>
<!-- Generated by org.testng.reporters.JUnitXMLReporter -->
<testsuite ignored="0" hostname="DESKTOP-IGU8UAR" failures="0" tests="3" name="parameterstest" time="0.057" errors="0" timestamp="2023-04-08T11:05:26 IST">
  <testcase classname="com.testng.ParameterSample" name="@BeforeClass setup" time="0.008">
    <failure type="java.lang.IllegalStateException" message="The driver executable must exist: D:\AA\workspace\testng\ed\msedgedriver.exe">
      <![CDATA[java.lang.IllegalStateException: The driver executable must exist: D:\AA\workspace\testng\ed\msedgedriver.exe
at org.openqa.selenium.internal.Require$FileStateChecker.isFile(Require.java:345)
at org.openqa.selenium.remote.service.DriverFinder.getPath(DriverFinder.java:39)
at org.openqa.selenium.edge.EdgeDriver.generateExecutor(EdgeDriver.java:70)
at org.openqa.selenium.edge.EdgeDriver.<init>(EdgeDriver.java:60)
at org.openqa.selenium.edge.EdgeDriver.<init>(EdgeDriver.java:56)
at org.openqa.selenium.edge.EdgeDriver.<init>(EdgeDriver.java:48)
at org.openqa.selenium.edge.EdgeDriver.<init>(EdgeDriver.java:44)
at com.testng.ParameterSample.setup(ParameterSample.java:33)
at java.base/java.util.ArrayList.forEach(ArrayList.java:1511)
... Removed 25 stack frames]]>
    </failure>
  </testcase> <!-- @BeforeClass setup -->
  <testcase classname="com.testng.ParameterSample" name="@AfterClass tearDown" time="-1.680932126229E9">
    <skipped/>
  </testcase> <!-- @AfterClass tearDown -->
  <testcase classname="com.testng.ParameterSample" name="findPageTitle" time="0.0">
    <skipped/>
  </testcase> <!-- findPageTitle -->
  <testcase classname="com.testng.ParameterSample" name="findLogo" time="0.0">
    <skipped/>
  </testcase> <!-- findLogo -->
  <testcase classname="com.testng.ParameterSample" name="homePageLogin" time="0.0">
    <skipped/>
  </testcase> <!-- homePageLogin -->
</testsuite> <!-- parameterstest -->
