<?xml version="1.0" encoding="UTF-8"?>
<!-- Generated by org.testng.reporters.JUnitXMLReporter -->
<testsuite ignored="3" hostname="DESKTOP-IGU8UAR" failures="0" tests="2" name="Test" time="0.073" errors="0" timestamp="2023-03-28T15:29:53 IST">
  <testcase classname="com.testng.TestingGroups" name="test3" time="0.012"/>
  <testcase classname="com.testng.TestingGroups" name="test4" time="0.003"/>
  <testcase classname="com.testng.TestingGroups" name="test1" time="0.0">
    <ignored/>
  </testcase> <!-- test1 -->
  <testcase classname="com.testng.TestingGroups" name="test2" time="0.0">
    <ignored/>
  </testcase> <!-- test2 -->
  <testcase classname="com.testng.TestingGroups" name="test5" time="0.0">
    <ignored/>
  </testcase> <!-- test5 -->
</testsuite> <!-- Test -->
