<?xml version="1.0" encoding="UTF-8"?>
<!-- Generated by org.testng.reporters.JUnitXMLReporter -->
<testsuite ignored="0" hostname="DESKTOP-IGU8UAR" failures="2" tests="22" name="Test" time="10.022" errors="0" timestamp="2023-04-08T11:27:02 IST">
  <testcase classname="com.testng.TestOne" name="close" time="0.011"/>
  <testcase classname="com.testng.TestOne" name="login" time="0.004"/>
  <testcase classname="com.testng.TestOne" name="setup" time="0.007">
    <failure type="java.lang.AssertionError" message="null">
      <![CDATA[java.lang.AssertionError: null
at com.testng.TestOne.setup(TestOne.java:12)
at java.base/java.util.ArrayList.forEach(ArrayList.java:1511)
... Removed 29 stack frames]]>
    </failure>
  </testcase> <!-- setup -->
  <testcase classname="com.testng.TestTwo" name="login" time="0.005"/>
  <testcase classname="com.testng.TestTwo" name="showDetails" time="0.004"/>
  <testcase classname="com.testng.TestTwo" name="logout" time="0.006"/>
  <testcase classname="com.testng.TestThree" name="logout" time="0.011"/>
  <testcase classname="com.testng.TestThree" name="profile" time="0.01"/>
  <testcase classname="com.testng.TestThree" name="signin" time="0.008"/>
  <testcase classname="com.testng.TestThree" name="signup" time="0.009"/>
  <testcase classname="com.testng.TestFour" name="gettingUrl" time="0.002"/>
  <testcase classname="com.testng.TestFour" name="settings" time="0.005"/>
  <testcase classname="com.testng.TestFive" name="government" time="0.007"/>
  <testcase classname="com.testng.TestFive" name="road" time="0.003"/>
  <testcase classname="com.testng.TestFive" name="car" time="0.005">
    <failure type="java.lang.AssertionError" message="null">
      <![CDATA[java.lang.AssertionError: null
at com.testng.TestFive.car(TestFive.java:26)
at java.base/java.util.ArrayList.forEach(ArrayList.java:1511)
... Removed 29 stack frames]]>
    </failure>
  </testcase> <!-- car -->
  <testcase classname="com.testng.TestFive" name="customer" time="0.006"/>
  <testcase classname="com.testng.AssertionSample" name="findPageTitle" time="0.001"/>
  <testcase classname="com.testng.AssertionSample" name="findLogo" time="0.057"/>
  <testcase classname="com.testng.AssertionSample" name="homePageLogin" time="0.245"/>
  <testcase classname="com.testng.SampleDataProvider" name="login" time="0.0"/>
  <testcase classname="com.testng.SampleDataProvider" name="login" time="0.001"/>
  <testcase classname="com.testng.SampleDataProvider" name="login" time="0.002"/>
</testsuite> <!-- Test -->
